{
  "RSpec": {
    "coverage": {
      "/Users/axeld/Documents/turing/3mod/projects/rails-engine/app/models/item.rb": {
        "lines": [
          1,
          1,
          1,
          1,
          1,
          1,
          1,
          null
        ]
      },
      "/Users/axeld/Documents/turing/3mod/projects/rails-engine/app/models/application_record.rb": {
        "lines": [
          1,
          1,
          null
        ]
      },
      "/Users/axeld/Documents/turing/3mod/projects/rails-engine/spec/models/merchant_spec.rb": {
        "lines": [
          1,
          null,
          1,
          1,
          2,
          null,
          null
        ]
      },
      "/Users/axeld/Documents/turing/3mod/projects/rails-engine/app/models/merchant.rb": {
        "lines": [
          1,
          1,
          1,
          1,
          null,
          null,
          null,
          null,
          null,
          null,
          1,
          1,
          null
        ]
      },
      "/Users/axeld/Documents/turing/3mod/projects/rails-engine/spec/requests/api/v1/items_request_spec.rb": {
        "lines": [
          1,
          null,
          1,
          1,
          1,
          1,
          null,
          1,
          null,
          1,
          null,
          1,
          null,
          1,
          null,
          1,
          3,
          3,
          null,
          3,
          3,
          null,
          3,
          3,
          null,
          3,
          3,
          null,
          3,
          3,
          null,
          3,
          3,
          null,
          null,
          null
        ]
      },
      "/Users/axeld/Documents/turing/3mod/projects/rails-engine/app/controllers/api/v1/items_controller.rb": {
        "lines": [
          1,
          1,
          1,
          null,
          null
        ]
      },
      "/Users/axeld/Documents/turing/3mod/projects/rails-engine/app/controllers/application_controller.rb": {
        "lines": [
          1,
          null
        ]
      }
    },
    "timestamp": 1679945039
  }
}
